2024-05-22 15:26:20.226 INFO log test start----------------------------------------------------------------------------------->
2024-05-22 15:26:20.226 INFO log test end ----------------------------------------------------------------------------------------
2024-05-22 15:26:21.584 INFO g_ts[0]._context.usbIDPath={}
2024-05-22 15:26:21.584 INFO g_ts[0]         strSaveStr {0003:0003:}
2024-05-22 15:26:21.584 INFO g_ts[1]._context.usbIDPath={}
2024-05-22 15:26:21.584 INFO g_ts[1]         strSaveStr {0003:0003:}
2024-05-22 15:26:21.585 INFO open param->tspfFlag =0 
2024-05-22 15:26:21.585 INFO HnTabletSession::close() _protocol=0
2024-05-22 15:26:21.585 INFO  _context.idClient=0x5b364ec5c270 
2024-05-22 15:26:21.777 INFO g_ts[0]._context.usbIDPath={}
2024-05-22 15:26:21.777 INFO g_ts[0]         strSaveStr {0003:0003:}
2024-05-22 15:26:21.778 INFO g_ts[1]._context.usbIDPath={}
2024-05-22 15:26:21.778 INFO g_ts[1]         strSaveStr {0003:0003:}
2024-05-22 15:26:22.199 NOTICE HnTabletSession::open() usb&hid open success
2024-05-22 15:26:22.199 INFO getStringDesc strIndex = 201, 

2024-05-22 15:26:22.209 INFO getStringDesc strIndex = 201,bufLen=256 ,bRet=1

2024-05-22 15:26:22.209 INFO getStringDesc strIndex = 200, 

2024-05-22 15:26:22.216 INFO getStringDesc strIndex = 200,bufLen=256 ,bRet=1

2024-05-22 15:26:22.216 INFO getStringDesc strIndex = 202, 

2024-05-22 15:26:22.219 INFO getStringDesc strIndex = 202,bufLen=256 ,bRet=1

2024-05-22 15:26:22.219 INFO 1 s=/usr/lib/gaomontablet/res/tablet.cfg pf=0x71a6a80082c0,p=0x71a6cb3ffb50 

2024-05-22 15:26:22.221 INFO read_a_config(HnTabletCfg,) read GM001_T201 success
2024-05-22 15:26:23.225 INFO open param->tspfFlag =0 
2024-05-22 15:26:23.225 INFO HnTabletSession::close() _protocol=0
2024-05-22 15:26:23.225 INFO  _context.idClient=0x5b364ec56e70 
2024-05-22 15:26:23.416 INFO g_ts[0]._context.usbIDPath={0003:0003:}
2024-05-22 15:26:23.416 INFO g_ts[0]         strSaveStr {0003:0003:}
2024-05-22 15:26:23.416 INFO g_ts[0]._context.usbIDPath={0003:0003:}
2024-05-22 15:26:23.416 INFO g_ts[0]         strSaveStr {0003:0003:}
2024-05-22 15:26:23.416 INFO g_ts[0]._context.usbIDPath={0003:0003:}
2024-05-22 15:26:23.416 INFO g_ts[0]         strSaveStr {0003:0003:}
2024-05-22 15:26:24.417 INFO open param->tspfFlag =0 
2024-05-22 15:26:24.417 INFO HnTabletSession::close() _protocol=0
2024-05-22 15:26:24.417 INFO  _context.idClient=0x5b364ec56e70 
2024-05-22 15:26:24.607 INFO g_ts[0]._context.usbIDPath={0003:0003:}
2024-05-22 15:26:24.607 INFO g_ts[0]         strSaveStr {0003:0003:}
2024-05-22 15:26:24.607 INFO g_ts[0]._context.usbIDPath={0003:0003:}
2024-05-22 15:26:24.607 INFO g_ts[0]         strSaveStr {0003:0003:}
2024-05-22 15:26:24.607 INFO g_ts[0]._context.usbIDPath={0003:0003:}
2024-05-22 15:26:24.607 INFO g_ts[0]         strSaveStr {0003:0003:}
2024-05-22 15:26:26.492 INFO getStringDesc strIndex = 213, 

2024-05-22 15:26:26.534 INFO getStringDesc strIndex = 213,bufLen=256 ,bRet=1

2024-05-22 15:26:26.544 INFO getStringDesc strIndex = 213, 

2024-05-22 15:26:26.588 INFO getStringDesc strIndex = 213,bufLen=256 ,bRet=1

2024-05-22 15:28:59.941 INFO open param->tspfFlag =0 
2024-05-22 15:28:59.941 INFO HnTabletSession::close() _protocol=0
2024-05-22 15:28:59.941 INFO  _context.idClient=0x5b364ec56e70 
2024-05-22 15:29:00.133 INFO g_ts[0]._context.usbIDPath={0003:0003:}
2024-05-22 15:29:00.133 INFO g_ts[0]         strSaveStr {0003:0003:}
2024-05-22 15:29:00.133 INFO g_ts[0]._context.usbIDPath={0003:0003:}
2024-05-22 15:29:00.133 INFO g_ts[0]         strSaveStr {0003:0003:}
2024-05-22 15:29:00.133 INFO g_ts[0]._context.usbIDPath={0003:0003:}
2024-05-22 15:29:00.133 INFO g_ts[0]         strSaveStr {0003:0003:}
2024-05-22 15:29:01.133 INFO open param->tspfFlag =0 
2024-05-22 15:29:01.133 INFO HnTabletSession::close() _protocol=0
2024-05-22 15:29:01.133 INFO  _context.idClient=0x5b364ec56e70 
2024-05-22 15:29:01.313 INFO g_ts[0]._context.usbIDPath={0003:0003:}
2024-05-22 15:29:01.313 INFO g_ts[0]         strSaveStr {0003:0003:}
2024-05-22 15:29:01.313 INFO g_ts[0]._context.usbIDPath={0003:0003:}
2024-05-22 15:29:01.313 INFO g_ts[0]         strSaveStr {0003:0003:}
2024-05-22 15:29:01.313 INFO g_ts[0]._context.usbIDPath={0003:0003:}
2024-05-22 15:29:01.313 INFO g_ts[0]         strSaveStr {0003:0003:}
2024-05-22 15:29:04.973 INFO getStringDesc strIndex = 213, 

2024-05-22 15:29:05.016 INFO getStringDesc strIndex = 213,bufLen=256 ,bRet=1

2024-05-22 15:29:05.026 INFO getStringDesc strIndex = 213, 

2024-05-22 15:29:05.070 INFO getStringDesc strIndex = 213,bufLen=256 ,bRet=1

2024-05-22 16:43:09.171 ERROR getStringDesc _pDevice = 0x71a6a8007920 !!!!!! 

2024-05-22 16:43:09.172 INFO HnTabletSession::close() _protocol=d809abc0
2024-05-22 16:43:09.172 INFO _protocol will close
2024-05-22 16:43:09.172 INFO HnUsb::close()1I=1 _pDevice =0x71a6a8007920 _pDevice->cancelled=1 

2024-05-22 16:43:09.172 INFO HnUsb::close()2I=1  _pDevice =0x71a6a8007920 cancle close!! 

2024-05-22 16:43:09.172 INFO HnUsb::close()3I=1  _pDevice =0x71a6a8007920 cancle =1 ->close

2024-05-22 16:43:09.172 INFO HnUsb::close()4I=1 _2
2024-05-22 18:10:10.530 INFO open param->tspfFlag =0 
2024-05-22 18:10:10.530 INFO HnTabletSession::close() _protocol=0
2024-05-22 18:10:10.530 INFO  _context.idClient=0x5b364ec5c270 
2024-05-22 18:10:11.606 INFO open param->tspfFlag =0 
2024-05-22 18:10:11.607 INFO HnTabletSession::close() _protocol=0
2024-05-22 18:10:11.607 INFO  _context.idClient=0x5b364ec56e70 
2024-05-22 18:10:11.782 INFO g_ts[0]._context.usbIDPath={}
2024-05-22 18:10:11.782 INFO g_ts[0]         strSaveStr {0003:0004:}
2024-05-22 18:10:11.782 INFO g_ts[1]._context.usbIDPath={}
2024-05-22 18:10:11.782 INFO g_ts[1]         strSaveStr {0003:0004:}
2024-05-22 18:10:12.112 NOTICE HnTabletSession::open() usb&hid open success
2024-05-22 18:10:12.112 INFO getStringDesc strIndex = 201, 

2024-05-22 18:10:12.123 INFO getStringDesc strIndex = 201,bufLen=256 ,bRet=1

2024-05-22 18:10:12.123 INFO getStringDesc strIndex = 200, 

2024-05-22 18:10:12.130 INFO getStringDesc strIndex = 200,bufLen=256 ,bRet=1

2024-05-22 18:10:12.130 INFO getStringDesc strIndex = 202, 

2024-05-22 18:10:12.133 INFO getStringDesc strIndex = 202,bufLen=256 ,bRet=1

2024-05-22 18:10:12.133 INFO 1 s=/usr/lib/gaomontablet/res/tablet.cfg pf=0x71a69c010e60,p=0x71a6c9fffb50 

2024-05-22 18:10:12.133 INFO read_a_config(HnTabletCfg,) read GM001_T201 success
2024-05-22 18:10:13.136 INFO open param->tspfFlag =0 
2024-05-22 18:10:13.136 INFO HnTabletSession::close() _protocol=0
2024-05-22 18:10:13.136 INFO  _context.idClient=0x5b364ec5c270 
2024-05-22 18:10:13.324 INFO g_ts[0]._context.usbIDPath={0003:0004:}
2024-05-22 18:10:13.324 INFO g_ts[0]         strSaveStr {0003:0004:}
2024-05-22 18:10:13.324 INFO g_ts[0]._context.usbIDPath={0003:0004:}
2024-05-22 18:10:13.324 INFO g_ts[0]         strSaveStr {0003:0004:}
2024-05-22 18:10:13.324 INFO g_ts[0]._context.usbIDPath={0003:0004:}
2024-05-22 18:10:13.324 INFO g_ts[0]         strSaveStr {0003:0004:}
2024-05-22 18:10:14.325 INFO open param->tspfFlag =0 
2024-05-22 18:10:14.325 INFO HnTabletSession::close() _protocol=0
2024-05-22 18:10:14.325 INFO  _context.idClient=0x5b364ec5c270 
2024-05-22 18:10:14.516 INFO g_ts[0]._context.usbIDPath={0003:0004:}
2024-05-22 18:10:14.516 INFO g_ts[0]         strSaveStr {0003:0004:}
2024-05-22 18:10:14.516 INFO g_ts[0]._context.usbIDPath={0003:0004:}
2024-05-22 18:10:14.516 INFO g_ts[0]         strSaveStr {0003:0004:}
2024-05-22 18:10:14.516 INFO g_ts[0]._context.usbIDPath={0003:0004:}
2024-05-22 18:10:14.516 INFO g_ts[0]         strSaveStr {0003:0004:}
2024-05-22 18:10:15.516 INFO open param->tspfFlag =0 
2024-05-22 18:10:15.516 INFO HnTabletSession::close() _protocol=0
2024-05-22 18:10:15.516 INFO  _context.idClient=0x5b364ec5c270 
2024-05-22 18:10:15.701 INFO g_ts[0]._context.usbIDPath={0003:0004:}
2024-05-22 18:10:15.701 INFO g_ts[0]         strSaveStr {0003:0004:}
2024-05-22 18:10:15.701 INFO g_ts[0]._context.usbIDPath={0003:0004:}
2024-05-22 18:10:15.701 INFO g_ts[0]         strSaveStr {0003:0004:}
2024-05-22 18:10:15.701 INFO g_ts[0]._context.usbIDPath={0003:0004:}
2024-05-22 18:10:15.701 INFO g_ts[0]         strSaveStr {0003:0004:}
2024-05-22 20:24:16.894 ERROR getStringDesc _pDevice = 0x71a69c010c20 !!!!!! 

2024-05-22 20:24:16.894 INFO HnTabletSession::close() _protocol=d809abc0
2024-05-22 20:24:16.894 INFO _protocol will close
2024-05-22 20:24:16.894 INFO HnUsb::close()1I=2 _pDevice =0x71a69c010c20 _pDevice->cancelled=1 

2024-05-22 20:24:16.894 INFO HnUsb::close()2I=2  _pDevice =0x71a69c010c20 cancle close!! 

2024-05-22 20:24:16.894 INFO HnUsb::close()3I=2  _pDevice =0x71a69c010c20 cancle =1 ->close

2024-05-22 20:24:16.894 INFO HnUsb::close()4I=2 _2
2024-05-22 22:17:11.255 INFO open param->tspfFlag =0 
2024-05-22 22:17:11.255 INFO HnTabletSession::close() _protocol=0
2024-05-22 22:17:11.255 INFO  _context.idClient=0x5b364ec5c270 
2024-05-22 22:17:12.394 INFO open param->tspfFlag =0 
2024-05-22 22:17:12.395 INFO HnTabletSession::close() _protocol=0
2024-05-22 22:17:12.395 INFO  _context.idClient=0x5b364ec56e70 
2024-05-22 22:17:13.395 INFO open param->tspfFlag =0 
2024-05-22 22:17:13.395 INFO HnTabletSession::close() _protocol=0
2024-05-22 22:17:13.395 INFO  _context.idClient=0x5b364ec5c270 
2024-05-22 22:17:14.396 INFO open param->tspfFlag =0 
2024-05-22 22:17:14.396 INFO HnTabletSession::close() _protocol=0
2024-05-22 22:17:14.396 INFO  _context.idClient=0x5b364ec56e70 
2024-05-22 22:17:15.397 INFO open param->tspfFlag =0 
2024-05-22 22:17:15.398 INFO HnTabletSession::close() _protocol=0
2024-05-22 22:17:15.398 INFO  _context.idClient=0x5b364ec5c270 
2024-05-22 22:17:16.398 INFO open param->tspfFlag =0 
2024-05-22 22:17:16.398 INFO HnTabletSession::close() _protocol=0
2024-05-22 22:17:16.398 INFO  _context.idClient=0x5b364ec56e70 
2024-05-22 22:17:17.399 INFO open param->tspfFlag =0 
2024-05-22 22:17:17.399 INFO HnTabletSession::close() _protocol=0
2024-05-22 22:17:17.399 INFO  _context.idClient=0x5b364ec5c270 
2024-05-22 22:17:18.400 INFO open param->tspfFlag =0 
2024-05-22 22:17:18.400 INFO HnTabletSession::close() _protocol=0
2024-05-22 22:17:18.400 INFO  _context.idClient=0x5b364ec56e70 
